<?xml version="1.0" encoding="UTF-8"?>
<!-- Generated by org.testng.reporters.JUnitReportReporter -->
<testsuite hostname="Myths-PC" failures="0" tests="1" name="testCases.TC01_AccountRegistrationTest" time="1.398" errors="0" timestamp="2024-10-21T00:54:03 IST" skipped="0">
  <testcase classname="testCases.TC01_AccountRegistrationTest" name="verify_account_registration" time="1.398"/>
</testsuite> <!-- testCases.TC01_AccountRegistrationTest -->
