<?xml version="1.0" encoding="UTF-8"?>
<!-- Generated by org.testng.reporters.JUnitReportReporter -->
<testsuite hostname="Myths-PC" failures="0" tests="1" name="testCases.TC02_LoginTest" time="1.108" errors="0" timestamp="2024-10-08T00:11:15 IST" skipped="0">
  <testcase classname="testCases.TC02_LoginTest" name="testLogin" time="1.108"/>
</testsuite> <!-- testCases.TC02_LoginTest -->
