<?xml version="1.0" encoding="UTF-8"?>
<!-- Generated by org.testng.reporters.JUnitReportReporter -->
<testsuite hostname="Myths-PC" failures="0" tests="1" name="testCases.TC02_SingleLoginTest" time="0.959" errors="0" timestamp="2024-10-23T00:38:30 IST" skipped="0">
  <testcase classname="testCases.TC02_SingleLoginTest" name="login_test" time="0.959"/>
</testsuite> <!-- testCases.TC02_SingleLoginTest -->
